Normal STD: coeffMax -2, coeffDiff01 -3
2.07% of coeffMax outliers removed
0.0% of coeffDiff outliers removed
2.07% of outliers removed as a whole

Normal STD: coeffMax -1.75, coeffDiff01 -3
3.59% of coeffMax outliers removed
0.0% of coeffDiff outliers removed
3.59% of outliers removed as a whole

Normal STD: coeffMax -1.5, coeffDiff01 -3
5.97% of coeffMax outliers removed
0.0% of coeffDiff outliers removed
5.97% of outliers removed as a whole

Normal STD: coeffMax -1.25, coeffDiff01 -3
10.28% of coeffMax outliers removed
0.0% of coeffDiff outliers removed
10.28% of outliers removed as a whole

Normal STD: coeffMax -1, coeffDiff01 -3
15.74% of coeffMax outliers removed
0.0% of coeffDiff outliers removed
15.74% of outliers removed as a whole

Normal STD: coeffMax -0.75, coeffDiff01 -3
24.54% of coeffMax outliers removed
0.0% of coeffDiff outliers removed
24.54% of outliers removed as a whole

Normal STD: coeffMax -0.5, coeffDiff01 -3
32.38% of coeffMax outliers removed
0.0% of coeffDiff outliers removed
32.38% of outliers removed as a whole

Normal STD: coeffMax -0.25, coeffDiff01 -3
40.49% of coeffMax outliers removed
0.0% of coeffDiff outliers removed
40.49% of outliers removed as a whole

Normal STD: coeffMax 0, coeffDiff01 -3
51.16% of coeffMax outliers removed
0.0% of coeffDiff outliers removed
51.16% of outliers removed as a whole

Normal STD: coeffMax 0.25, coeffDiff01 -3
60.7% of coeffMax outliers removed
0.0% of coeffDiff outliers removed
60.7% of outliers removed as a whole

Normal STD: coeffMax 0.5, coeffDiff01 -3
69.59% of coeffMax outliers removed
0.0% of coeffDiff outliers removed
69.59% of outliers removed as a whole

Normal STD: coeffMax 0.25, coeffDiff01 -3
60.7% of coeffMax outliers removed
0.0% of coeffDiff outliers removed
60.7% of outliers removed as a whole

Normal STD: coeffMax 0.5, coeffDiff01 -3
69.61% of coeffMax outliers removed
0.0% of coeffDiff outliers removed
69.61% of outliers removed as a whole

Normal STD: coeffMax 0.75, coeffDiff01 -3
76.83% of coeffMax outliers removed
0.0% of coeffDiff outliers removed
76.83% of outliers removed as a whole

Normal STD: coeffMax 1, coeffDiff01 -3
82.66% of coeffMax outliers removed
0.0% of coeffDiff outliers removed
82.66% of outliers removed as a whole

Normal STD: coeffMax 0, coeffDiff01 -2
51.08% of coeffMax outliers removed
0.08% of coeffDiff outliers removed
51.16% of outliers removed as a whole

Normal STD: coeffMax 0, coeffDiff01 -1.75
51.08% of coeffMax outliers removed
0.16% of coeffDiff outliers removed
51.24% of outliers removed as a whole

Normal STD: coeffMax 0, coeffDiff01 -1.5
51.07% of coeffMax outliers removed
0.16% of coeffDiff outliers removed
51.23% of outliers removed as a whole

Normal STD: coeffMax 0, coeffDiff01 -1.25
51.19% of coeffMax outliers removed
0.48% of coeffDiff outliers removed
51.67% of outliers removed as a whole

Normal STD: coeffMax 0, coeffDiff01 -1
51.11% of coeffMax outliers removed
1.04% of coeffDiff outliers removed
52.15% of outliers removed as a whole

Normal STD: coeffMax 0, coeffDiff01 -0.75
51.19% of coeffMax outliers removed
2.07% of coeffDiff outliers removed
53.26% of outliers removed as a whole

Normal STD: coeffMax 0, coeffDiff01 -0.5
51.11% of coeffMax outliers removed
3.26% of coeffDiff outliers removed
54.38% of outliers removed as a whole

Normal STD: coeffMax 0, coeffDiff01 -0.25
51.15% of coeffMax outliers removed
5.73% of coeffDiff outliers removed
56.88% of outliers removed as a whole

Normal STD: coeffMax 0, coeffDiff01 0
51.19% of coeffMax outliers removed
8.12% of coeffDiff outliers removed
59.32% of outliers removed as a whole

Normal STD: coeffMax 0, coeffDiff01 0.25
51.15% of coeffMax outliers removed
12.73% of coeffDiff outliers removed
63.88% of outliers removed as a whole

Normal STD: coeffMax 0, coeffDiff01 0.5
51.11% of coeffMax outliers removed
18.63% of coeffDiff outliers removed
69.75% of outliers removed as a whole

Normal STD: coeffMax 0, coeffDiff01 0.75
51.15% of coeffMax outliers removed
25.93% of coeffDiff outliers removed
77.09% of outliers removed as a whole

Normal STD: coeffMax 0, coeffDiff01 1
51.15% of coeffMax outliers removed
32.86% of coeffDiff outliers removed
84.01% of outliers removed as a whole

